android/app/build/intermediates/manifest_merge_blame_file/debug/manifest-merger-blame-debug-report.txt
1<?xml version="1.0" encoding="utf-8"?>
2<manifest xmlns:android="http://schemas.android.com/apk/res/android"
3    package="com.pleo.expenseapp"
4    android:versionCode="1"
5    android:versionName="1.0.0" >
6
7    <uses-sdk
8        android:minSdkVersion="21"
8-->src/main/AndroidManifest.xml
9        android:targetSdkVersion="28" />
9-->src/main/AndroidManifest.xml
10
11    <permission
11-->src/main/AndroidManifest.xml:7:3-9:42
12        android:name="com.pleo.expenseapp.permission.C2D_MESSAGE"
12-->src/main/AndroidManifest.xml:8:5-62
13        android:protectionLevel="signature" />
13-->src/main/AndroidManifest.xml:9:5-40
14
15    <!-- These are required permissions to make the app run -->
16    <uses-permission android:name="com.pleo.expenseapp.permission.C2D_MESSAGE" />
16-->src/main/AndroidManifest.xml:12:3-80
16-->src/main/AndroidManifest.xml:12:20-77
17    <uses-permission android:name="com.google.android.c2dm.permission.RECEIVE" />
17-->src/main/AndroidManifest.xml:13:3-80
17-->src/main/AndroidManifest.xml:13:20-77
18    <uses-permission android:name="android.permission.ACCESS_NETWORK_STATE" />
18-->src/main/AndroidManifest.xml:14:3-77
18-->src/main/AndroidManifest.xml:14:20-74
19    <uses-permission android:name="android.permission.INTERNET" />
19-->src/main/AndroidManifest.xml:15:3-65
19-->src/main/AndroidManifest.xml:15:20-62
20    <uses-permission android:name="android.permission.SYSTEM_ALERT_WINDOW" />
20-->src/main/AndroidManifest.xml:16:3-76
20-->src/main/AndroidManifest.xml:16:20-73
21    <uses-permission android:name="android.permission.WAKE_LOCK" />
21-->src/main/AndroidManifest.xml:17:3-66
21-->src/main/AndroidManifest.xml:17:20-63
22
23    <!-- ADD PERMISSIONS HERE -->
24    <!-- BEGIN OPTIONAL PERMISSIONS -->
25    <uses-permission android:name="android.permission.MANAGE_DOCUMENTS" />
25-->src/main/AndroidManifest.xml:21:3-73
25-->src/main/AndroidManifest.xml:21:20-70
26    <uses-permission android:name="android.permission.READ_INTERNAL_STORAGE" />
26-->src/main/AndroidManifest.xml:22:3-78
26-->src/main/AndroidManifest.xml:22:20-75
27    <uses-permission android:name="android.permission.READ_PHONE_STATE" />
27-->src/main/AndroidManifest.xml:23:3-73
27-->src/main/AndroidManifest.xml:23:20-70
28    <uses-permission android:name="android.permission.USE_FINGERPRINT" />
28-->src/main/AndroidManifest.xml:24:3-72
28-->src/main/AndroidManifest.xml:24:20-69
29    <uses-permission android:name="android.permission.VIBRATE" />
29-->src/main/AndroidManifest.xml:25:3-64
29-->src/main/AndroidManifest.xml:25:20-61
30    <uses-permission android:name="com.android.launcher.permission.INSTALL_SHORTCUT" />
30-->src/main/AndroidManifest.xml:26:3-86
30-->src/main/AndroidManifest.xml:26:20-83
31    <uses-permission android:name="android.permission.MODIFY_AUDIO_SETTINGS" />
31-->src/main/AndroidManifest.xml:27:3-78
31-->src/main/AndroidManifest.xml:27:20-75
32
33    <!-- These require runtime permissions on M -->
34    <uses-permission android:name="android.permission.ACCESS_COARSE_LOCATION" />
34-->src/main/AndroidManifest.xml:30:3-79
34-->src/main/AndroidManifest.xml:30:20-76
35    <uses-permission android:name="android.permission.ACCESS_FINE_LOCATION" />
35-->src/main/AndroidManifest.xml:31:3-77
35-->src/main/AndroidManifest.xml:31:20-74
36    <uses-permission android:name="android.permission.CAMERA" />
36-->src/main/AndroidManifest.xml:32:3-63
36-->src/main/AndroidManifest.xml:32:20-60
37    <uses-permission android:name="android.permission.READ_CONTACTS" />
37-->src/main/AndroidManifest.xml:33:3-70
37-->src/main/AndroidManifest.xml:33:20-67
38    <uses-permission android:name="android.permission.READ_CALENDAR" />
38-->src/main/AndroidManifest.xml:34:3-70
38-->src/main/AndroidManifest.xml:34:20-67
39    <uses-permission android:name="android.permission.WRITE_CALENDAR" />
39-->src/main/AndroidManifest.xml:35:3-71
39-->src/main/AndroidManifest.xml:35:20-68
40    <uses-permission android:name="android.permission.READ_EXTERNAL_STORAGE" />
40-->src/main/AndroidManifest.xml:36:3-78
40-->src/main/AndroidManifest.xml:36:20-75
41    <uses-permission android:name="android.permission.RECORD_AUDIO" />
41-->src/main/AndroidManifest.xml:37:3-69
41-->src/main/AndroidManifest.xml:37:20-66
42    <uses-permission android:name="android.permission.WRITE_EXTERNAL_STORAGE" />
42-->src/main/AndroidManifest.xml:38:3-79
42-->src/main/AndroidManifest.xml:38:20-76
43    <uses-permission android:name="android.permission.WRITE_SETTINGS" />
43-->src/main/AndroidManifest.xml:39:3-71
43-->src/main/AndroidManifest.xml:39:20-68
44    <!-- END OPTIONAL PERMISSIONS -->
45
46
47    <!-- ADD TEST PERMISSIONS HERE -->
48
49    <uses-feature
49-->src/main/AndroidManifest.xml:44:3-77
50        android:glEsVersion="0x00020000"
50-->src/main/AndroidManifest.xml:44:17-49
51        android:required="true" />
51-->src/main/AndroidManifest.xml:44:50-74
52    <uses-feature
52-->src/main/AndroidManifest.xml:45:3-85
53        android:name="android.software.leanback"
53-->src/main/AndroidManifest.xml:45:17-57
54        android:required="false" />
54-->src/main/AndroidManifest.xml:45:58-82
55    <uses-feature
55-->src/main/AndroidManifest.xml:46:3-88
56        android:name="android.hardware.touchscreen"
56-->src/main/AndroidManifest.xml:46:17-60
57        android:required="false" />
57-->src/main/AndroidManifest.xml:46:61-85
58
59    <!-- WHEN_VERSIONING_REMOVE_FROM_HERE -->
60    <supports-screens
60-->[host.exp.exponent:expoview:34.0.0] AndroidManifest.xml:12:5-18:24
61        android:anyDensity="true"
61-->[host.exp.exponent:expoview:34.0.0] AndroidManifest.xml:13:9-34
62        android:largeScreens="true"
62-->[host.exp.exponent:expoview:34.0.0] AndroidManifest.xml:14:9-36
63        android:normalScreens="true"
63-->[host.exp.exponent:expoview:34.0.0] AndroidManifest.xml:15:9-37
64        android:smallScreens="true"
64-->[host.exp.exponent:expoview:34.0.0] AndroidManifest.xml:16:9-36
65        android:xlargeScreens="true" >
65-->[host.exp.exponent:expoview:34.0.0] AndroidManifest.xml:17:9-37
66    </supports-screens>
67
68    <uses-permission android:name="host.exp.exponent.permission.C2D_MESSAGE" />
68-->[host.exp.exponent:expoview:34.0.0] AndroidManifest.xml:25:5-80
68-->[host.exp.exponent:expoview:34.0.0] AndroidManifest.xml:25:22-77
69
70    <uses-feature
70-->[host.exp.exponent:expoview:34.0.0] AndroidManifest.xml:43:5-45:36
71        android:name="android.hardware.camera"
71-->[host.exp.exponent:expoview:34.0.0] AndroidManifest.xml:44:9-47
72        android:required="false" />
72-->[host.exp.exponent:expoview:34.0.0] AndroidManifest.xml:45:9-33
73    <uses-feature
73-->[host.exp.exponent:expoview:34.0.0] AndroidManifest.xml:46:5-48:36
74        android:name="android.hardware.camera.autofocus"
74-->[host.exp.exponent:expoview:34.0.0] AndroidManifest.xml:47:9-57
75        android:required="false" />
75-->[host.exp.exponent:expoview:34.0.0] AndroidManifest.xml:48:9-33
76    <uses-feature
76-->[host.exp.exponent:expoview:34.0.0] AndroidManifest.xml:49:5-51:36
77        android:name="android.hardware.location"
77-->[host.exp.exponent:expoview:34.0.0] AndroidManifest.xml:50:9-49
78        android:required="false" />
78-->[host.exp.exponent:expoview:34.0.0] AndroidManifest.xml:51:9-33
79    <uses-feature
79-->[host.exp.exponent:expoview:34.0.0] AndroidManifest.xml:52:5-54:36
80        android:name="android.hardware.location.gps"
80-->[host.exp.exponent:expoview:34.0.0] AndroidManifest.xml:53:9-53
81        android:required="false" />
81-->[host.exp.exponent:expoview:34.0.0] AndroidManifest.xml:54:9-33
82    <uses-feature
82-->[host.exp.exponent:expoview:34.0.0] AndroidManifest.xml:55:5-57:36
83        android:name="android.hardware.location.network"
83-->[host.exp.exponent:expoview:34.0.0] AndroidManifest.xml:56:9-57
84        android:required="false" />
84-->[host.exp.exponent:expoview:34.0.0] AndroidManifest.xml:57:9-33
85    <uses-feature
85-->[host.exp.exponent:expoview:34.0.0] AndroidManifest.xml:58:5-60:36
86        android:name="android.hardware.wifi"
86-->[host.exp.exponent:expoview:34.0.0] AndroidManifest.xml:59:9-45
87        android:required="false" />
87-->[host.exp.exponent:expoview:34.0.0] AndroidManifest.xml:60:9-33
88    <uses-feature
88-->[host.exp.exponent:expoview:34.0.0] AndroidManifest.xml:61:5-63:36
89        android:name="android.hardware.microphone"
89-->[host.exp.exponent:expoview:34.0.0] AndroidManifest.xml:62:9-51
90        android:required="false" />
90-->[host.exp.exponent:expoview:34.0.0] AndroidManifest.xml:63:9-33
91    <uses-feature
91-->[host.exp.exponent:expoview:34.0.0] AndroidManifest.xml:64:5-66:36
92        android:name="android.hardware.telephony"
92-->[host.exp.exponent:expoview:34.0.0] AndroidManifest.xml:65:9-50
93        android:required="false" />
93-->[host.exp.exponent:expoview:34.0.0] AndroidManifest.xml:66:9-33
94    <uses-feature
94-->[host.exp.exponent:expoview:34.0.0] AndroidManifest.xml:67:5-69:36
95        android:name="android.hardware.bluetooth"
95-->[host.exp.exponent:expoview:34.0.0] AndroidManifest.xml:68:9-50
96        android:required="false" />
96-->[host.exp.exponent:expoview:34.0.0] AndroidManifest.xml:69:9-33
97
98    <uses-permission android:name="android.permission.STORAGE" />
98-->[:expo-file-system] AndroidManifest.xml:15:5-66
98-->[:expo-file-system] AndroidManifest.xml:15:22-63
99    <uses-permission android:name="android.permission.FOREGROUND_SERVICE" /> <!-- for android -->
99-->[:expo-location] AndroidManifest.xml:13:5-77
99-->[:expo-location] AndroidManifest.xml:13:22-74
100    <!-- <uses-permission android:name="com.android.launcher.permission.READ_SETTINGS"/> -->
101    <!-- <uses-permission android:name="com.android.launcher.permission.WRITE_SETTINGS"/> -->
102    <!-- <uses-permission android:name="com.android.launcher.permission.INSTALL_SHORTCUT" /> -->
103    <!-- <uses-permission android:name="com.android.launcher.permission.UNINSTALL_SHORTCUT" /> -->
104    <!-- for Samsung -->
105    <uses-permission android:name="com.sec.android.provider.badge.permission.READ" />
105-->[me.leolin:ShortcutBadger:1.1.4] AndroidManifest.xml:19:5-86
105-->[me.leolin:ShortcutBadger:1.1.4] AndroidManifest.xml:19:22-83
106    <uses-permission android:name="com.sec.android.provider.badge.permission.WRITE" /> <!-- for htc -->
106-->[me.leolin:ShortcutBadger:1.1.4] AndroidManifest.xml:20:5-87
106-->[me.leolin:ShortcutBadger:1.1.4] AndroidManifest.xml:20:22-84
107    <uses-permission android:name="com.htc.launcher.permission.READ_SETTINGS" />
107-->[me.leolin:ShortcutBadger:1.1.4] AndroidManifest.xml:23:5-81
107-->[me.leolin:ShortcutBadger:1.1.4] AndroidManifest.xml:23:22-78
108    <uses-permission android:name="com.htc.launcher.permission.UPDATE_SHORTCUT" /> <!-- for sony -->
108-->[me.leolin:ShortcutBadger:1.1.4] AndroidManifest.xml:24:5-83
108-->[me.leolin:ShortcutBadger:1.1.4] AndroidManifest.xml:24:22-80
109    <uses-permission android:name="com.sonyericsson.home.permission.BROADCAST_BADGE" /> <!-- for apex -->
109-->[me.leolin:ShortcutBadger:1.1.4] AndroidManifest.xml:27:5-88
109-->[me.leolin:ShortcutBadger:1.1.4] AndroidManifest.xml:27:22-85
110    <uses-permission android:name="com.anddoes.launcher.permission.UPDATE_COUNT" /> <!-- for solid -->
110-->[me.leolin:ShortcutBadger:1.1.4] AndroidManifest.xml:30:5-84
110-->[me.leolin:ShortcutBadger:1.1.4] AndroidManifest.xml:30:22-81
111    <uses-permission android:name="com.majeur.launcher.permission.UPDATE_BADGE" />
111-->[me.leolin:ShortcutBadger:1.1.4] AndroidManifest.xml:33:5-83
111-->[me.leolin:ShortcutBadger:1.1.4] AndroidManifest.xml:33:22-80
112    <uses-permission android:name="com.google.android.providers.gsf.permission.READ_GSERVICES" />
112-->[io.nlopez.smartlocation:library:3.2.11] AndroidManifest.xml:15:5-98
112-->[io.nlopez.smartlocation:library:3.2.11] AndroidManifest.xml:15:22-95
113    <uses-permission android:name="com.google.android.gms.permission.ACTIVITY_RECOGNITION" />
113-->[io.nlopez.smartlocation:library:3.2.11] AndroidManifest.xml:16:5-94
113-->[io.nlopez.smartlocation:library:3.2.11] AndroidManifest.xml:16:22-91
114    <uses-permission android:name="com.google.android.finsky.permission.BIND_GET_INSTALL_REFERRER_SERVICE" />
114-->[com.google.android.gms:play-services-measurement:16.5.0] AndroidManifest.xml:26:5-110
114-->[com.google.android.gms:play-services-measurement:16.5.0] AndroidManifest.xml:26:22-107
115
116    <application
116-->src/main/AndroidManifest.xml:48:3-383:17
117        android:name="host.exp.exponent.MainApplication"
117-->src/main/AndroidManifest.xml:49:5-36
118        android:allowBackup="true"
118-->src/main/AndroidManifest.xml:50:5-31
119        android:appComponentFactory="android.support.v4.app.CoreComponentFactory"
119-->[com.android.support:support-compat:28.0.0] AndroidManifest.xml:22:18-91
120        android:debuggable="true"
121        android:icon="@mipmap/ic_launcher"
121-->src/main/AndroidManifest.xml:51:5-39
122        android:label="@string/app_name"
122-->src/main/AndroidManifest.xml:52:5-37
123        android:largeHeap="true"
123-->src/main/AndroidManifest.xml:53:5-29
124        android:supportsRtl="true"
124-->[com.facebook.android:facebook-android-sdk:5.0.1] AndroidManifest.xml:28:18-44
125        android:testOnly="true"
126        android:usesCleartextTraffic="true" >
126-->src/main/AndroidManifest.xml:54:5-40
127        <provider
127-->src/main/AndroidManifest.xml:56:7-65:18
128            android:name="android.support.v4.content.FileProvider"
128-->src/main/AndroidManifest.xml:57:11-65
129            android:authorities="host.exp.exponent.fileprovider.camera"
129-->src/main/AndroidManifest.xml:58:11-70
130            android:exported="false"
130-->src/main/AndroidManifest.xml:60:11-35
131            android:grantUriPermissions="true" >
131-->src/main/AndroidManifest.xml:61:11-45
132            <meta-data
132-->src/main/AndroidManifest.xml:62:11-64:56
133                android:name="android.support.FILE_PROVIDER_PATHS"
133-->src/main/AndroidManifest.xml:63:15-65
134                android:resource="@xml/provider_paths" />
134-->src/main/AndroidManifest.xml:64:15-53
135        </provider>
136
137        <activity
137-->src/main/AndroidManifest.xml:67:5-72:16
138            android:name="host.exp.exponent.LauncherActivity"
138-->src/main/AndroidManifest.xml:68:7-39
139            android:exported="true"
139-->src/main/AndroidManifest.xml:69:7-30
140            android:launchMode="singleTask"
140-->src/main/AndroidManifest.xml:70:7-38
141            android:theme="@android:style/Theme.Translucent.NoTitleBar" >
141-->src/main/AndroidManifest.xml:71:7-66
142        </activity>
143        <activity
143-->src/main/AndroidManifest.xml:74:5-79:16
144            android:name="host.exp.exponent.experience.ExperienceActivity"
144-->src/main/AndroidManifest.xml:75:7-52
145            android:configChanges="keyboard|keyboardHidden|orientation|screenSize"
145-->src/main/AndroidManifest.xml:76:7-77
146            android:theme="@style/Theme.Exponent.Light"
146-->src/main/AndroidManifest.xml:77:7-50
147            android:windowSoftInputMode="adjustResize" >
147-->src/main/AndroidManifest.xml:78:7-49
148        </activity>
149        <activity
149-->src/main/AndroidManifest.xml:80:7-85:50
150            android:name="host.exp.exponent.CameraActivity"
150-->src/main/AndroidManifest.xml:81:11-41
151            android:configChanges="orientation"
151-->src/main/AndroidManifest.xml:84:11-46
152            android:label="Camera Activity"
152-->src/main/AndroidManifest.xml:82:11-42
153            android:screenOrientation="portrait"
153-->src/main/AndroidManifest.xml:85:11-47
154            android:theme="@style/AppTheme" />
154-->src/main/AndroidManifest.xml:83:11-42
155        <activity
155-->src/main/AndroidManifest.xml:86:5-106:16
156            android:name="host.exp.exponent.MainActivity"
156-->src/main/AndroidManifest.xml:87:7-35
157            android:configChanges="keyboard|keyboardHidden|orientation|screenSize"
157-->src/main/AndroidManifest.xml:89:7-77
158            android:launchMode="singleTask"
158-->src/main/AndroidManifest.xml:88:7-38
159            android:theme="@style/Theme.Exponent.Splash"
159-->src/main/AndroidManifest.xml:90:7-51
160            android:windowSoftInputMode="adjustResize" >
160-->src/main/AndroidManifest.xml:91:7-49
161            <intent-filter>
161-->src/main/AndroidManifest.xml:92:7-99:23
162                <data android:scheme="expef8ad74c1b274315b78bc9e54d989b5f" />
162-->src/main/AndroidManifest.xml:93:9-69
162-->src/main/AndroidManifest.xml:93:15-67
163
164                <action android:name="android.intent.action.VIEW" />
164-->src/main/AndroidManifest.xml:95:9-60
164-->src/main/AndroidManifest.xml:95:17-58
165
166                <category android:name="android.intent.category.DEFAULT" />
166-->src/main/AndroidManifest.xml:97:9-67
166-->src/main/AndroidManifest.xml:97:19-65
167                <category android:name="android.intent.category.BROWSABLE" />
167-->src/main/AndroidManifest.xml:98:9-69
167-->src/main/AndroidManifest.xml:98:19-67
168            </intent-filter>
169            <intent-filter>
169-->src/main/AndroidManifest.xml:100:7-104:23
170                <action android:name="android.intent.action.MAIN" />
170-->src/main/AndroidManifest.xml:101:9-60
170-->src/main/AndroidManifest.xml:101:17-58
171
172                <category android:name="android.intent.category.LAUNCHER" />
172-->src/main/AndroidManifest.xml:103:9-68
172-->src/main/AndroidManifest.xml:103:19-66
173            </intent-filter>
174            <!-- ADD DETACH APP SPECIFIC INTENT FILTERS -->
175        </activity>
176        <activity
176-->src/main/AndroidManifest.xml:108:5-114:16
177            android:name="host.exp.exponent.experience.HomeActivity"
177-->src/main/AndroidManifest.xml:109:7-46
178            android:label="@string/app_name"
178-->src/main/AndroidManifest.xml:110:7-39
179            android:launchMode="singleTask"
179-->src/main/AndroidManifest.xml:111:7-38
180            android:screenOrientation="portrait"
180-->src/main/AndroidManifest.xml:112:7-43
181            android:theme="@style/Theme.Exponent.Light" >
181-->src/main/AndroidManifest.xml:113:7-50
182        </activity>
183        <activity
183-->src/main/AndroidManifest.xml:116:5-125:15
184            android:name="host.exp.exponent.experience.TvActivity"
184-->src/main/AndroidManifest.xml:117:7-44
185            android:label="@string/app_name"
185-->src/main/AndroidManifest.xml:118:7-39
186            android:screenOrientation="landscape"
186-->src/main/AndroidManifest.xml:120:7-44
187            android:theme="@style/Theme.Exponent.Light" >
187-->src/main/AndroidManifest.xml:119:7-50
188            <intent-filter>
188-->src/main/AndroidManifest.xml:121:6-124:22
189                <action android:name="android.intent.action.MAIN" />
189-->src/main/AndroidManifest.xml:101:9-60
189-->src/main/AndroidManifest.xml:101:17-58
190
191                <category android:name="android.intent.category.LEANBACK_LAUNCHER" />
191-->src/main/AndroidManifest.xml:123:8-77
191-->src/main/AndroidManifest.xml:123:18-74
192            </intent-filter>
193        </activity>
194        <activity android:name="com.facebook.react.devsupport.DevSettingsActivity" />
194-->src/main/AndroidManifest.xml:129:5-81
194-->src/main/AndroidManifest.xml:129:15-79
195        <!-- WHEN_PREPARING_SHELL_REMOVE_FROM_HERE -->
196        <!-- ADD DEV SETTINGS HERE -->
197        <!-- BEGIN_SDK_34 -->
198        <activity android:name="abi34_0_0.com.facebook.react.devsupport.DevSettingsActivity" />
198-->src/main/AndroidManifest.xml:133:5-91
198-->src/main/AndroidManifest.xml:133:15-89
199        <!-- END_SDK_34 -->
200        <!-- BEGIN_SDK_33 -->
201        <activity android:name="abi33_0_0.com.facebook.react.devsupport.DevSettingsActivity" />
201-->src/main/AndroidManifest.xml:136:5-91
201-->src/main/AndroidManifest.xml:136:15-89
202        <!-- END_SDK_33 -->
203        <!-- BEGIN_SDK_32 -->
204        <activity android:name="abi32_0_0.com.facebook.react.devsupport.DevSettingsActivity" />
204-->src/main/AndroidManifest.xml:139:5-91
204-->src/main/AndroidManifest.xml:139:15-89
205        <!-- END_SDK_32 -->
206        <!-- BEGIN_SDK_31 -->
207        <activity android:name="abi31_0_0.com.facebook.react.devsupport.DevSettingsActivity" />
207-->src/main/AndroidManifest.xml:142:5-91
207-->src/main/AndroidManifest.xml:142:15-89
208        <!-- END_SDK_31 -->
209        <!-- WHEN_PREPARING_SHELL_REMOVE_TO_HERE -->
210
211        <activity
211-->src/main/AndroidManifest.xml:146:5-153:16
212            android:name="host.exp.exponent.ExponentDevActivity"
212-->src/main/AndroidManifest.xml:147:7-42
213            android:exported="true"
213-->src/main/AndroidManifest.xml:148:7-30
214            android:label="@string/dev_activity_name"
214-->src/main/AndroidManifest.xml:149:7-48
215            android:screenOrientation="portrait"
215-->src/main/AndroidManifest.xml:150:7-43
216            android:theme="@style/Theme.Exponent.Dark"
216-->src/main/AndroidManifest.xml:151:7-49
217            android:windowSoftInputMode="adjustPan" >
217-->src/main/AndroidManifest.xml:152:7-46
218        </activity>
219        <activity
219-->src/main/AndroidManifest.xml:155:5-159:16
220            android:name="host.exp.exponent.oauth.OAuthWebViewActivity"
220-->src/main/AndroidManifest.xml:156:7-49
221            android:screenOrientation="portrait"
221-->src/main/AndroidManifest.xml:157:7-43
222            android:theme="@style/Theme.Exponent.Light" >
222-->src/main/AndroidManifest.xml:158:7-50
223        </activity>
224        <activity android:name="net.openid.appauth.RedirectUriReceiverActivity" >
224-->src/main/AndroidManifest.xml:161:5-170:16
224-->src/main/AndroidManifest.xml:162:9-70
225            <intent-filter>
225-->src/main/AndroidManifest.xml:164:7-169:23
226                <action android:name="android.intent.action.VIEW" />
226-->src/main/AndroidManifest.xml:95:9-60
226-->src/main/AndroidManifest.xml:95:17-58
227
228                <category android:name="android.intent.category.DEFAULT" />
228-->src/main/AndroidManifest.xml:97:9-67
228-->src/main/AndroidManifest.xml:97:19-65
229                <category android:name="android.intent.category.BROWSABLE" />
229-->src/main/AndroidManifest.xml:98:9-69
229-->src/main/AndroidManifest.xml:98:19-67
230
231                <data
231-->src/main/AndroidManifest.xml:93:9-69
232                    android:path="oauthredirect"
232-->src/main/AndroidManifest.xml:168:52-80
233                    android:scheme="com.pleo.expenseapp" />
233-->src/main/AndroidManifest.xml:93:15-67
234            </intent-filter>
235        </activity>
236        <activity android:name="host.exp.exponent.oauth.OAuthResultActivity" >
236-->src/main/AndroidManifest.xml:172:5-174:16
236-->src/main/AndroidManifest.xml:173:7-48
237        </activity>
238        <activity android:name="abi32_0_0.expo.modules.appauth.AppAuthBrowserActivity" >
238-->src/main/AndroidManifest.xml:176:5-178:16
238-->src/main/AndroidManifest.xml:177:7-75
239        </activity>
240
241        <!-- START OF STRIPE SCHEMES -->
242        <activity
242-->src/main/AndroidManifest.xml:181:5-192:16
243            android:name="expo.modules.payments.stripe.RedirectUriReceiver"
243-->src/main/AndroidManifest.xml:184:9-72
244            android:exported="true"
244-->src/main/AndroidManifest.xml:182:9-32
245            android:launchMode="singleTask"
245-->src/main/AndroidManifest.xml:183:9-40
246            android:theme="@android:style/Theme.Translucent.NoTitleBar.Fullscreen" >
246-->src/main/AndroidManifest.xml:185:9-79
247            <intent-filter>
247-->src/main/AndroidManifest.xml:186:9-191:25
248                <action android:name="android.intent.action.VIEW" />
248-->src/main/AndroidManifest.xml:95:9-60
248-->src/main/AndroidManifest.xml:95:17-58
249
250                <category android:name="android.intent.category.DEFAULT" />
250-->src/main/AndroidManifest.xml:97:9-67
250-->src/main/AndroidManifest.xml:97:19-65
251                <category android:name="android.intent.category.BROWSABLE" />
251-->src/main/AndroidManifest.xml:98:9-69
251-->src/main/AndroidManifest.xml:98:19-67
252
253                <data android:scheme="expo.modules.payments.stripe.0fd3f5f2-91f5-4872-b924-851303281858" />
253-->src/main/AndroidManifest.xml:93:9-69
253-->src/main/AndroidManifest.xml:93:15-67
254            </intent-filter>
255        </activity>
256        <!-- Versioned Activity for Stripe -->
257        <activity
257-->src/main/AndroidManifest.xml:194:2-205:13
258            android:name="abi34_0_0.expo.modules.payments.stripe.RedirectUriReceiver"
258-->src/main/AndroidManifest.xml:197:3-76
259            android:exported="true"
259-->src/main/AndroidManifest.xml:195:3-26
260            android:launchMode="singleTask"
260-->src/main/AndroidManifest.xml:196:3-34
261            android:theme="@android:style/Theme.Translucent.NoTitleBar.Fullscreen" >
261-->src/main/AndroidManifest.xml:198:3-73
262            <intent-filter>
262-->src/main/AndroidManifest.xml:199:3-204:19
263                <action android:name="android.intent.action.VIEW" />
263-->src/main/AndroidManifest.xml:95:9-60
263-->src/main/AndroidManifest.xml:95:17-58
264
265                <category android:name="android.intent.category.DEFAULT" />
265-->src/main/AndroidManifest.xml:97:9-67
265-->src/main/AndroidManifest.xml:97:19-65
266                <category android:name="android.intent.category.BROWSABLE" />
266-->src/main/AndroidManifest.xml:98:9-69
266-->src/main/AndroidManifest.xml:98:19-67
267
268                <data android:scheme="abi34_0_0.expo.modules.payments.stripe" />
268-->src/main/AndroidManifest.xml:93:9-69
268-->src/main/AndroidManifest.xml:93:15-67
269            </intent-filter>
270        </activity>
271        <activity
271-->src/main/AndroidManifest.xml:206:2-217:13
272            android:name="abi33_0_0.expo.modules.payments.stripe.RedirectUriReceiver"
272-->src/main/AndroidManifest.xml:209:3-76
273            android:exported="true"
273-->src/main/AndroidManifest.xml:207:3-26
274            android:launchMode="singleTask"
274-->src/main/AndroidManifest.xml:208:3-34
275            android:theme="@android:style/Theme.Translucent.NoTitleBar.Fullscreen" >
275-->src/main/AndroidManifest.xml:210:3-73
276            <intent-filter>
276-->src/main/AndroidManifest.xml:211:3-216:19
277                <action android:name="android.intent.action.VIEW" />
277-->src/main/AndroidManifest.xml:95:9-60
277-->src/main/AndroidManifest.xml:95:17-58
278
279                <category android:name="android.intent.category.DEFAULT" />
279-->src/main/AndroidManifest.xml:97:9-67
279-->src/main/AndroidManifest.xml:97:19-65
280                <category android:name="android.intent.category.BROWSABLE" />
280-->src/main/AndroidManifest.xml:98:9-69
280-->src/main/AndroidManifest.xml:98:19-67
281
282                <data android:scheme="abi33_0_0.expo.modules.payments.stripe" />
282-->src/main/AndroidManifest.xml:93:9-69
282-->src/main/AndroidManifest.xml:93:15-67
283            </intent-filter>
284        </activity>
285        <activity
285-->src/main/AndroidManifest.xml:218:2-229:13
286            android:name="abi32_0_0.expo.modules.payments.stripe.RedirectUriReceiver"
286-->src/main/AndroidManifest.xml:221:3-76
287            android:exported="true"
287-->src/main/AndroidManifest.xml:219:3-26
288            android:launchMode="singleTask"
288-->src/main/AndroidManifest.xml:220:3-34
289            android:theme="@android:style/Theme.Translucent.NoTitleBar.Fullscreen" >
289-->src/main/AndroidManifest.xml:222:3-73
290            <intent-filter>
290-->src/main/AndroidManifest.xml:223:3-228:19
291                <action android:name="android.intent.action.VIEW" />
291-->src/main/AndroidManifest.xml:95:9-60
291-->src/main/AndroidManifest.xml:95:17-58
292
293                <category android:name="android.intent.category.DEFAULT" />
293-->src/main/AndroidManifest.xml:97:9-67
293-->src/main/AndroidManifest.xml:97:19-65
294                <category android:name="android.intent.category.BROWSABLE" />
294-->src/main/AndroidManifest.xml:98:9-69
294-->src/main/AndroidManifest.xml:98:19-67
295
296                <data android:scheme="abi32_0_0.expo.modules.payments.stripe" />
296-->src/main/AndroidManifest.xml:93:9-69
296-->src/main/AndroidManifest.xml:93:15-67
297            </intent-filter>
298        </activity>
299        <activity
299-->src/main/AndroidManifest.xml:230:5-241:16
300            android:name="abi31_0_0.expo.modules.payments.stripe.RedirectUriReceiver"
300-->src/main/AndroidManifest.xml:233:9-82
301            android:exported="true"
301-->src/main/AndroidManifest.xml:231:9-32
302            android:launchMode="singleTask"
302-->src/main/AndroidManifest.xml:232:9-40
303            android:theme="@android:style/Theme.Translucent.NoTitleBar.Fullscreen" >
303-->src/main/AndroidManifest.xml:234:9-79
304            <intent-filter>
304-->src/main/AndroidManifest.xml:235:9-240:25
305                <action android:name="android.intent.action.VIEW" />
305-->src/main/AndroidManifest.xml:95:9-60
305-->src/main/AndroidManifest.xml:95:17-58
306
307                <category android:name="android.intent.category.DEFAULT" />
307-->src/main/AndroidManifest.xml:97:9-67
307-->src/main/AndroidManifest.xml:97:19-65
308                <category android:name="android.intent.category.BROWSABLE" />
308-->src/main/AndroidManifest.xml:98:9-69
308-->src/main/AndroidManifest.xml:98:19-67
309
310                <data android:scheme="abi31_0_0.expo.modules.payments.stripe" />
310-->src/main/AndroidManifest.xml:93:9-69
310-->src/main/AndroidManifest.xml:93:15-67
311            </intent-filter>
312        </activity>
313
314        <!-- END OF STRIPE SCHEMES -->
315
316        <activity android:name="host.exp.exponent.chrometabs.ChromeTabsManagerActivity" >